This is pdfTeX, Version 3.14159265-2.6-1.40.17 (TeX Live 2016) (preloaded format=pdflatex 2016.5.22)  5 OCT 2016 11:53
entering extended mode
 restricted \write18 enabled.
 file:line:error style messages enabled.
 %&-line parsing enabled.
**scales.tex
(./scales.tex
LaTeX2e <2016/03/31>
Babel <3.9r> and hyphenation patterns for 83 language(s) loaded.
(/usr/local/texlive/2016/texmf-dist/tex/latex/base/article.cls
Document Class: article 2014/09/29 v1.4h Standard LaTeX document class
(/usr/local/texlive/2016/texmf-dist/tex/latex/base/size10.clo
File: size10.clo 2014/09/29 v1.4h Standard LaTeX file (size option)
)
\c@part=\count79
\c@section=\count80
\c@subsection=\count81
\c@subsubsection=\count82
\c@paragraph=\count83
\c@subparagraph=\count84
\c@figure=\count85
\c@table=\count86
\abovecaptionskip=\skip41
\belowcaptionskip=\skip42
\bibindent=\dimen102
)
(/usr/local/texlive/2016/texmf-dist/tex/latex/amsmath/amsmath.sty
Package: amsmath 2016/03/10 v2.15b AMS math features
\@mathmargin=\skip43

For additional information on amsmath, use the `?' option.
(/usr/local/texlive/2016/texmf-dist/tex/latex/amsmath/amstext.sty
Package: amstext 2000/06/29 v2.01 AMS text

(/usr/local/texlive/2016/texmf-dist/tex/latex/amsmath/amsgen.sty
File: amsgen.sty 1999/11/30 v2.0 generic functions
\@emptytoks=\toks14
\ex@=\dimen103
))
(/usr/local/texlive/2016/texmf-dist/tex/latex/amsmath/amsbsy.sty
Package: amsbsy 1999/11/29 v1.2d Bold Symbols
\pmbraise@=\dimen104
)
(/usr/local/texlive/2016/texmf-dist/tex/latex/amsmath/amsopn.sty
Package: amsopn 2016/03/08 v2.02 operator names
)
\inf@bad=\count87
LaTeX Info: Redefining \frac on input line 199.
\uproot@=\count88
\leftroot@=\count89
LaTeX Info: Redefining \overline on input line 297.
\classnum@=\count90
\DOTSCASE@=\count91
LaTeX Info: Redefining \ldots on input line 394.
LaTeX Info: Redefining \dots on input line 397.
LaTeX Info: Redefining \cdots on input line 518.
\Mathstrutbox@=\box26
\strutbox@=\box27
\big@size=\dimen105
LaTeX Font Info:    Redeclaring font encoding OML on input line 634.
LaTeX Font Info:    Redeclaring font encoding OMS on input line 635.
\macc@depth=\count92
\c@MaxMatrixCols=\count93
\dotsspace@=\muskip10
\c@parentequation=\count94
\dspbrk@lvl=\count95
\tag@help=\toks15
\row@=\count96
\column@=\count97
\maxfields@=\count98
\andhelp@=\toks16
\eqnshift@=\dimen106
\alignsep@=\dimen107
\tagshift@=\dimen108
\tagwidth@=\dimen109
\totwidth@=\dimen110
\lineht@=\dimen111
\@envbody=\toks17
\multlinegap=\skip44
\multlinetaggap=\skip45
\mathdisplay@stack=\toks18
LaTeX Info: Redefining \[ on input line 2739.
LaTeX Info: Redefining \] on input line 2740.
)
(/usr/local/texlive/2016/texmf-dist/tex/latex/archaic/linearb.sty
Package: linearb 2005/06/22 v1.2 package for Linear B font
)
(./scales.aux)
\openout1 = `scales.aux'.

LaTeX Font Info:    Checking defaults for OML/cmm/m/it on input line 12.
LaTeX Font Info:    ... okay on input line 12.
LaTeX Font Info:    Checking defaults for T1/cmr/m/n on input line 12.
LaTeX Font Info:    ... okay on input line 12.
LaTeX Font Info:    Checking defaults for OT1/cmr/m/n on input line 12.
LaTeX Font Info:    ... okay on input line 12.
LaTeX Font Info:    Checking defaults for OMS/cmsy/m/n on input line 12.
LaTeX Font Info:    ... okay on input line 12.
LaTeX Font Info:    Checking defaults for OMX/cmex/m/n on input line 12.
LaTeX Font Info:    ... okay on input line 12.
LaTeX Font Info:    Checking defaults for U/cmr/m/n on input line 12.
LaTeX Font Info:    ... okay on input line 12.

Overfull \hbox (1.72282pt too wide) in paragraph at lines 33--34
[]\OT1/cmr/m/n/10 ``The Ada Small Moore Col-lec-tion of An-cient Near East-ern 
Seals'', Sotheyby's
 []

[1

{/usr/local/texlive/2016/texmf-var/fonts/map/pdftex/updmap/pdftex.map}]
Missing character: There is no Ð in font cmr10!
Missing character: There is no Ð in font cmr10!
Missing character: There is no Ð in font cmr10!

[2]
LaTeX Font Info:    Try loading font information for OMS+cmr on input line 134.

 (/usr/local/texlive/2016/texmf-dist/tex/latex/base/omscmr.fd
File: omscmr.fd 2014/09/29 v2.5h Standard LaTeX font definitions
)
LaTeX Font Info:    Font shape `OMS/cmr/m/n' in size <10> not available
(Font)              Font shape `OMS/cmsy/m/n' tried instead on input line 134.
 [3]
Missing character: There is no Ð in font cmr10!
 [4]
Overfull \hbox (31.24147pt too wide) in paragraph at lines 206--207
\OT1/cmr/m/n/10 o-rated with small fu-ner-ary fig-urines and ser-vants for the 
Here-after. Wood/stucco/paint,
 []


Overfull \hbox (8.21364pt too wide) in paragraph at lines 218--220
[]\OT1/cmr/m/n/10 The Ras-sam obelisk from Nim-rud, Mesopotamia, north-ern Iraq
. Neo-Assyrian,
 []

Missing character: There is no Ñ in font cmr10!
Missing character: There is no Ñ in font cmr10!
[5] [6]
Missing character: There is no ‰ in font cmr10!
Missing character: There is no Ð in font cmr10!
 [7]
Missing character: There is no Ž in font cmr10!

Overfull \hbox (2.98204pt too wide) in paragraph at lines 367--368
[]\OT1/cmr/m/n/10 Varbanov 1913 Nemesis-Aequitas stand-ing with scales and cor-
nu-copiae; wheel
 []

[8]
Missing character: There is no Ð in font cmr10!
Missing character: There is no Õ in font cmr10!
Missing character: There is no Ð in font cmr10!

Overfull \hbox (19.95894pt too wide) in paragraph at lines 431--432
[]\OT1/cmr/m/n/10 Steelyard: Gaius Fir-mius Severus In-stru-men-tar-ium, Rheims
: Mus^^See dArch^^Seologie
 []

(./scales.bbl [9]) [10] (./scales.aux) ) 
Here is how much of TeX's memory you used:
 1053 strings out of 493014
 10876 string characters out of 6133351
 70535 words of memory out of 5000000
 4641 multiletter control sequences out of 15000+600000
 8923 words of font info for 33 fonts, out of 8000000 for 9000
 1141 hyphenation exceptions out of 8191
 27i,6n,20p,885b,234s stack positions out of 5000i,500n,10000p,200000b,80000s
</usr/local/texlive/2016/texmf-dist/fon
ts/type1/public/amsfonts/cm/cmbx12.pfb></usr/local/texlive/2016/texmf-dist/font
s/type1/public/amsfonts/cm/cmr10.pfb></usr/local/texlive/2016/texmf-dist/fonts/
type1/public/amsfonts/cm/cmr12.pfb></usr/local/texlive/2016/texmf-dist/fonts/ty
pe1/public/amsfonts/cm/cmr17.pfb></usr/local/texlive/2016/texmf-dist/fonts/type
1/public/amsfonts/cm/cmsy10.pfb></usr/local/texlive/2016/texmf-dist/fonts/type1
/public/amsfonts/cm/cmti10.pfb></usr/local/texlive/2016/texmf-dist/fonts/type1/
public/amsfonts/cm/cmtt12.pfb>
Output written on scales.pdf (10 pages, 105832 bytes).
PDF statistics:
 65 PDF objects out of 1000 (max. 8388607)
 45 compressed objects within 1 object stream
 0 named destinations out of 1000 (max. 500000)
 1 words of extra memory for PDF output out of 10000 (max. 10000000)

