This is pdfeTeX, Version 3.141592-1.21a-2.2 (Web2C 7.5.4) (format=pdflatex 2007.5.14)  21 APR 2010 13:43
entering extended mode
**UUPtalk
(./UUPtalk.tex
LaTeX2e <2003/12/01>
Babel <v3.8d> and hyphenation patterns for american, french, german, ngerman, b
ahasa, basque, bulgarian, catalan, croatian, czech, danish, dutch, esperanto, e
stonian, finnish, greek, icelandic, irish, italian, latin, magyar, norsk, polis
h, portuges, romanian, russian, serbian, slovak, slovene, spanish, swedish, tur
kish, ukrainian, nohyphenation, loaded.
(/sw/share/texmf-dist/tex/latex/base/slides.cls
Document Class: slides 1997/08/15 v2.3z Standard LaTeX document class
(/sw/share/texmf-dist/tex/latex/base/slides.def
File: slides.def 1997/08/15 v2.3z SLiTeX definitions
 hacks, slides,
\c@page=\count79
 picture, mods,
\@smashboxa=\box26
\@smashboxb=\box27
\@smashboxc=\box28

output, init) (/sw/share/texmf-dist/tex/latex/base/sfonts.def
File: sfonts.def 1998/06/12 v2.2e Standard LaTeX slide font definitions

(/sw/share/texmf-dist/tex/latex/base/ot1lcmss.fd
File: ot1lcmss.fd 1998/06/12 v2.2e Standard LaTeX slide font definitions
))
\c@minutes=\count80
\c@seconds=\count81
\c@mv@invisible=\count82
LaTeX Font Info:    Overwriting symbol font `operators' in version `normal'
(Font)                  OT1/cmr/m/n --> OT1/lcmss/m/n on input line 369.
LaTeX Font Info:    Overwriting symbol font `letters' in version `normal'
(Font)                  OML/cmm/m/it --> OML/lcmm/m/it on input line 372.
LaTeX Font Info:    Overwriting symbol font `symbols' in version `normal'
(Font)                  OMS/cmsy/m/n --> OMS/lcmsy/m/n on input line 374.
LaTeX Font Info:    Overwriting symbol font `largesymbols' in version `normal'
(Font)                  OMX/cmex/m/n --> OMX/lcmex/m/n on input line 376.
LaTeX Font Info:    Overwriting symbol font `operators' in version `invisible'
(Font)                  OT1/cmr/m/n --> OT1/lcmss/m/In on input line 379.
LaTeX Font Info:    Overwriting symbol font `letters' in version `invisible'
(Font)                  OML/cmm/m/it --> OML/lcmm/m/Iit on input line 381.
LaTeX Font Info:    Overwriting symbol font `symbols' in version `invisible'
(Font)                  OMS/cmsy/m/n --> OMS/lcmsy/m/In on input line 383.
LaTeX Font Info:    Overwriting symbol font `largesymbols' in version `invisibl
e'
(Font)                  OMX/cmex/m/n --> OMX/lcmex/m/In on input line 385.
)
(/sw/share/texmf-dist/tex/latex/amsmath/amsmath.sty
Package: amsmath 2000/07/18 v2.13 AMS math features
\@mathmargin=\skip41

For additional information on amsmath, use the `?' option.
(/sw/share/texmf-dist/tex/latex/amsmath/amstext.sty
Package: amstext 2000/06/29 v2.01

(/sw/share/texmf-dist/tex/latex/amsmath/amsgen.sty
File: amsgen.sty 1999/11/30 v2.0
\@emptytoks=\toks14
\ex@=\dimen102
))
(/sw/share/texmf-dist/tex/latex/amsmath/amsbsy.sty
Package: amsbsy 1999/11/29 v1.2d
\pmbraise@=\dimen103
)
(/sw/share/texmf-dist/tex/latex/amsmath/amsopn.sty
Package: amsopn 1999/12/14 v2.01 operator names
)
\inf@bad=\count83
LaTeX Info: Redefining \frac on input line 211.
\uproot@=\count84
\leftroot@=\count85
LaTeX Info: Redefining \overline on input line 307.
\classnum@=\count86
\DOTSCASE@=\count87
LaTeX Info: Redefining \ldots on input line 379.
LaTeX Info: Redefining \dots on input line 382.
LaTeX Info: Redefining \cdots on input line 467.
\Mathstrutbox@=\box29
\strutbox@=\box30
\big@size=\dimen104
LaTeX Font Info:    Redeclaring font encoding OML on input line 567.
LaTeX Font Info:    Redeclaring font encoding OMS on input line 568.
\macc@depth=\count88
\c@MaxMatrixCols=\count89
\dotsspace@=\muskip10
\c@parentequation=\count90
\dspbrk@lvl=\count91
\tag@help=\toks15
\row@=\count92
\column@=\count93
\maxfields@=\count94
\andhelp@=\toks16
\eqnshift@=\dimen105
\alignsep@=\dimen106
\tagshift@=\dimen107
\tagwidth@=\dimen108
\totwidth@=\dimen109
\lineht@=\dimen110
\@envbody=\toks17
\multlinegap=\skip42
\multlinetaggap=\skip43
\mathdisplay@stack=\toks18
LaTeX Info: Redefining \[ on input line 2666.
LaTeX Info: Redefining \] on input line 2667.
)
(/sw/share/texmf-dist/tex/latex/amscls/amsthm.sty
Package: amsthm 2004/08/06 v2.20
\thm@style=\toks19
\thm@bodyfont=\toks20
\thm@headfont=\toks21
\thm@notefont=\toks22
\thm@headpunct=\toks23
\thm@preskip=\skip44
\thm@postskip=\skip45
\thm@headsep=\skip46
\dth@everypar=\toks24
)
(/sw/share/texmf-dist/tex/latex/amsfonts/amssymb.sty
Package: amssymb 2002/01/22 v2.2d

(/sw/share/texmf-dist/tex/latex/amsfonts/amsfonts.sty
Package: amsfonts 2001/10/25 v2.2f
\symAMSa=\mathgroup4
\symAMSb=\mathgroup5
LaTeX Font Info:    Overwriting math alphabet `\mathfrak' in version `bold'
(Font)                  U/euf/m/n --> U/euf/b/n on input line 132.
)) (./UUPtalk.aux)
\openout1 = `UUPtalk.aux'.

LaTeX Font Info:    Checking defaults for OML/cmm/m/it on input line 5.
LaTeX Font Info:    ... okay on input line 5.
LaTeX Font Info:    Checking defaults for T1/cmr/m/n on input line 5.
LaTeX Font Info:    ... okay on input line 5.
LaTeX Font Info:    Checking defaults for OT1/lcmss/m/n on input line 5.
LaTeX Font Info:    ... okay on input line 5.
LaTeX Font Info:    Checking defaults for OMS/cmsy/m/n on input line 5.
LaTeX Font Info:    ... okay on input line 5.
LaTeX Font Info:    Checking defaults for OMX/cmex/m/n on input line 5.
LaTeX Font Info:    ... okay on input line 5.
LaTeX Font Info:    Checking defaults for U/cmr/m/n on input line 5.
LaTeX Font Info:    ... okay on input line 5.

[0

{/sw/var/lib/texmf/fonts/map/pdftex/updmap/pdftex.map}]
LaTeX Font Info:    Try loading font information for OML+lcmm on input line 13.


(/sw/share/texmf-dist/tex/latex/base/omllcmm.fd
File: omllcmm.fd 1998/06/12 v2.2e Standard LaTeX slide font definitions
)
LaTeX Font Info:    Try loading font information for OMS+lcmsy on input line 13
.

(/sw/share/texmf-dist/tex/latex/base/omslcmsy.fd
File: omslcmsy.fd 1998/06/12 v2.2e Standard LaTeX slide font definitions
)
LaTeX Font Info:    Try loading font information for OMX+lcmex on input line 13
.

(/sw/share/texmf-dist/tex/latex/base/omxlcmex.fd
File: omxlcmex.fd 1998/06/12 v2.2e Standard LaTeX slide font definitions
)
LaTeX Font Info:    External font `cmex10 at17.28pt' loaded for size
(Font)              <19.907> on input line 13.
LaTeX Font Info:    External font `cmex10 at17.28pt' loaded for size
(Font)              <16.59> on input line 13.
LaTeX Font Info:    External font `cmex10 at17.28pt' loaded for size
(Font)              <13.82> on input line 13.
LaTeX Font Info:    Try loading font information for U+msa on input line 13.

(/sw/share/texmf-dist/tex/latex/amsfonts/umsa.fd
File: umsa.fd 2002/01/19 v2.2g AMS font definitions
)

LaTeX Font Warning: Font shape `U/msa/m/n' in size <19.907> not available
(Font)              size <20.74> substituted on input line 13.


LaTeX Font Warning: Font shape `U/msa/m/n' in size <16.59> not available
(Font)              size <17.28> substituted on input line 13.


LaTeX Font Warning: Font shape `U/msa/m/n' in size <13.82> not available
(Font)              size <14.4> substituted on input line 13.

LaTeX Font Info:    Try loading font information for U+msb on input line 13.
(/sw/share/texmf-dist/tex/latex/amsfonts/umsb.fd
File: umsb.fd 2002/01/19 v2.2g AMS font definitions
)

LaTeX Font Warning: Font shape `U/msb/m/n' in size <19.907> not available
(Font)              size <20.74> substituted on input line 13.


LaTeX Font Warning: Font shape `U/msb/m/n' in size <16.59> not available
(Font)              size <17.28> substituted on input line 13.


LaTeX Font Warning: Font shape `U/msb/m/n' in size <13.82> not available
(Font)              size <14.4> substituted on input line 13.


Overfull \hbox (49.63234pt too wide) in paragraph at lines 21--26
\OT1/lcmss/m/n/19.907 each $\OML/lcmm/m/it/19.907 p$\OT1/lcmss/m/n/19.907 . In 
par-tic-u-lar, $\OML/lcmm/m/it/19.907 `[]\OT1/lcmss/m/n/19.907 (\OML/lcmm/m/it/
19.907 Z[]\OT1/lcmss/m/n/19.907 )$ is an $\OML/lcmm/m/it/19.907 N$\OT1/lcmss/m/
n/19.907 -dimensional
 []


Overfull \hbox (28.38356pt too wide) in paragraph at lines 21--26
\OT1/lcmss/m/n/19.907 speak in-ter-change-ably about a sig-nal of length
 []

[1] [2] [3]
Overfull \hbox (18.8617pt too wide) in paragraph at lines 60--67
\OT1/lcmss/m/n/19.907 We shall ex-plain why unique re-con-struc-tion (even
 []

[4]
Overfull \hbox (11.24123pt too wide) in paragraph at lines 71--76
[]\OT1/lcmss/m/n/19.907 For $\OML/lcmm/m/it/19.907 f \OMS/lcmsy/m/n/19.907 2 \O
ML/lcmm/m/it/19.907 `[]\OT1/lcmss/m/n/19.907 (\OML/lcmm/m/it/19.907 Z[]\OT1/lcm
ss/m/n/19.907 )$, given $^^C \OMS/lcmsy/m/n/19.907 ^^R \OML/lcmm/m/it/19.907 Z[
]$ \OT1/lcmss/m/n/19.907 and $\OMS/lcmsy/m/n/19.907 f[]\OT1/lcmss/m/n/19.907 (\
OML/lcmm/m/it/19.907 ^^X\OT1/lcmss/m/n/19.907 )\OMS/lcmsy/m/n/19.907 g[]$\OT1/l
cmss/m/n/19.907 ,
 []


Overfull \hbox (3.75883pt too wide) in paragraph at lines 77--82
\OT1/lcmss/m/n/19.907 func-tion (namely $\OML/lcmm/m/it/19.907 f$ \OT1/lcmss/m/
n/19.907 it-self) which agrees with
 []

[5]
Overfull \hbox (43.00082pt too wide) in paragraph at lines 87--99
\OT1/lcmss/m/n/19.907 pose $\OMS/lcmsy/m/n/19.907 j\OT1/lcmss/m/n/19.907 ^^C\OM
S/lcmsy/m/n/19.907 j \OML/lcmm/m/it/19.907 < \OT1/lcmss/m/n/19.907 2\OML/lcmm/m
/it/19.907 S$\OT1/lcmss/m/n/19.907 . The sub-space $\OML/lcmm/m/it/19.907 F\OT1
/lcmss/m/n/19.907 (\OML/lcmm/m/it/19.907 `[]\OT1/lcmss/m/n/19.907 (\OMS/lcmsy/m
/n/19.907 f\OT1/lcmss/m/n/19.907 1\OML/lcmm/m/it/19.907 ; [] ; \OT1/lcmss/m/n/1
9.907 2\OML/lcmm/m/it/19.907 S\OMS/lcmsy/m/n/19.907 g\OT1/lcmss/m/n/19.907 ))$
 []


Overfull \hbox (2.33826pt too wide) in paragraph at lines 100--106
\OT1/lcmss/m/n/19.907 there is a nonzero $2\OML/lcmm/m/it/19.907 S$\OT1/lcmss/m
/n/19.907 -sparse func-tion whose
 []

[6]
Overfull \hbox (0.18173pt too wide) in paragraph at lines 111--121
\OT1/lcmss/m/n/19.907 have large sup-port, and if the Fourier trans-
 []


Overfull \hbox (16.1178pt too wide) in paragraph at lines 122--124
\OML/lcmm/m/it/19.907 `[]\OT1/lcmss/m/n/19.907 (\OML/lcmm/m/it/19.907 Z[]\OT1/l
cmss/m/n/19.907 )$ is not iden-ti-cally zero, then $\OMS/lcmsy/m/n/19.907 j []\
OT1/lcmss/m/n/19.907 (\OML/lcmm/m/it/19.907 f\OT1/lcmss/m/n/19.907 )\OMS/lcmsy/
m/n/19.907 j ^^A
 []

[7] [8]
Overfull \hbox (72.49913pt too wide) detected at line 166
\OML/lcmm/m/it/19.907 N[] [] \OMS/lcmsy/m/n/19.907 j\OML/lcmm/m/it/19.907 f\OT1
/lcmss/m/n/19.907 (\OML/lcmm/m/it/19.907 x\OT1/lcmss/m/n/19.907 )\OMS/lcmsy/m/n
/19.907 j[][] ^^T j []\OT1/lcmss/m/n/19.907 ([])\OMS/lcmsy/m/n/19.907 j ^^A j [
]\OT1/lcmss/m/n/19.907 (\OML/lcmm/m/it/19.907 f\OT1/lcmss/m/n/19.907 )\OMS/lcms
y/m/n/19.907 j ^^A [] [] j\OML/lcmm/m/it/19.907 f\OT1/lcmss/m/n/19.907 (\OML/lc
mm/m/it/19.907 x\OT1/lcmss/m/n/19.907 )\OMS/lcmsy/m/n/19.907 j[][]\OML/lcmm/m/i
t/19.907 :
 []

[9] [10]
Overfull \hbox (29.59647pt too wide) in paragraph at lines 215--219
\OML/lcmm/m/it/19.907 `[]\OT1/lcmss/m/n/19.907 (\OML/lcmm/m/it/19.907 Z[]\OT1/l
cmss/m/n/19.907 )$ is not iden-ti-cally zero, then $\OMS/lcmsy/m/n/19.907 j []\
OT1/lcmss/m/n/19.907 (\OML/lcmm/m/it/19.907 f\OT1/lcmss/m/n/19.907 )\OMS/lcmsy/
m/n/19.907 j \OT1/lcmss/m/n/19.907 +
 []


Overfull \hbox (14.35146pt too wide) in paragraph at lines 215--219
\OT1/lcmss/m/n/19.907 mea-sure-ments than the Dis-crete Un-cer-tainty
 []

[11] [12]
Overfull \hbox (5.43011pt too wide) in paragraph at lines 231--244
\OMS/lcmsy/m/n/19.907 f^^@b[][][]c\OML/lcmm/m/it/19.907 ; \OMS/lcmsy/m/n/19.907
 ^^@b[][][]c \OT1/lcmss/m/n/19.907 + 1\OML/lcmm/m/it/19.907 ; [] ; \OMS/lcmsy/m
/n/19.907 b[][][]cg$ \OT1/lcmss/m/n/19.907 then the Fourier
 []

[13]
Overfull \hbox (9.90445pt too wide) in paragraph at lines 248--255
\OT1/lcmss/m/n/19.907 these ob-struc-tions. (``Most sets'' don't have
 []


Overfull \hbox (4.88185pt too wide) in paragraph at lines 248--255
\OT1/lcmss/m/n/19.907 the prop-er-ties that make unique re-con-struc-
 []

[14] [15] [16] [17] [18]
Overfull \hbox (11.46541pt too wide) in paragraph at lines 337--346
[]\OT1/lcmss/m/n/19.907 Suppose by con-tra-dic-tion that there is a nonzero
 []

[19]
Overfull \hbox (36.83907pt too wide) in paragraph at lines 351--356
\OT1/lcmss/m/n/19.907 Let $\OML/lcmm/m/it/19.907 p$ \OT1/lcmss/m/n/19.907 is pr
ime, $\OML/lcmm/m/it/19.907 n$ \OT1/lcmss/m/n/19.907 a pos-i-tive in-te-ger and
 $\OML/lcmm/m/it/19.907 P\OT1/lcmss/m/n/19.907 (\OML/lcmm/m/it/19.907 z[]; [] ;
 z[]\OT1/lcmss/m/n/19.907 )$
 []


Overfull \hbox (33.26767pt too wide) in paragraph at lines 351--356
\OT1/lcmss/m/n/19.907 a poly-no-mial with in-te-ger co-ef-fi-cients. If $\OML/l
cmm/m/it/19.907 ![]; [] ; ![]$
 []

[20] [21] [21] (./UUPtalk.aux)

LaTeX Font Warning: Size substitutions with differences
(Font)              up to 0.83301pt have occurred.

 ) 
Here is how much of TeX's memory you used:
 1243 strings out of 94500
 14746 string characters out of 1176114
 63938 words of memory out of 1000000
 4443 multiletter control sequences out of 10000+50000
 8790 words of font info for 33 fonts, out of 500000 for 2000
 580 hyphenation exceptions out of 1000
 27i,15n,24p,236b,225s stack positions out of 1500i,500n,5000p,200000b,5000s
PDF statistics:
 94 PDF objects out of 300000
 0 named destinations out of 131072
 1 words of extra memory for PDF output out of 65536
</sw/share/texmf-dist/fonts/type1/bluesky/latex/lcmssb8.pfb></sw/share/texmf-
dist/fonts/type1/bluesky/latex/lcmssi8.pfb></sw/share/texmf-dist/fonts/type1/bl
uesky/cm/cmex10.pfb></sw/share/texmf-dist/fonts/type1/bluesky/symbols/msbm10.pf
b></sw/share/texmf-dist/fonts/type1/bluesky/cm/cmmi8.pfb></sw/share/texmf-dist/
fonts/type1/bluesky/cm/cmsy8.pfb></sw/share/texmf-dist/fonts/type1/bluesky/late
x/lcmss8.pfb>
Output written on UUPtalk.pdf (23 pages, 91535 bytes).
